<?xml version="1.0" encoding="UTF-8"?>
<testng-results ignored="0" total="3" passed="3" failed="0" skipped="0">
  <reporter-output>
  </reporter-output>
  <suite started-at="2023-11-26T01:16:29 IST" name="Default Suite" finished-at="2023-11-26T01:19:51 IST" duration-ms="201935">
    <groups>
    </groups>
    <test started-at="2023-11-26T01:16:29 IST" name="MakeMyTripTesting" finished-at="2023-11-26T01:19:51 IST" duration-ms="201935">
      <class name="com.mmt.PageObjects.HomePage_Test">
        <test-method is-config="true" signature="setup()[pri:0, instance:com.mmt.PageObjects.HomePage_Test@212bf671]" started-at="2023-11-26T01:16:29 IST" name="setup" finished-at="2023-11-26T01:19:41 IST" duration-ms="191682" status="PASS">
          <reporter-output>
          </reporter-output>
        </test-method> <!-- setup -->
        <test-method signature="validateWebsiteTitle()[pri:1, instance:com.mmt.PageObjects.HomePage_Test@212bf671]" started-at="2023-11-26T01:19:41 IST" name="validateWebsiteTitle" finished-at="2023-11-26T01:19:41 IST" duration-ms="90" status="PASS">
          <reporter-output>
          </reporter-output>
        </test-method> <!-- validateWebsiteTitle -->
        <test-method signature="validateHeaderElements()[pri:2, instance:com.mmt.PageObjects.HomePage_Test@212bf671]" started-at="2023-11-26T01:19:41 IST" name="validateHeaderElements" finished-at="2023-11-26T01:19:42 IST" duration-ms="745" status="PASS">
          <reporter-output>
          </reporter-output>
        </test-method> <!-- validateHeaderElements -->
        <test-method signature="validateMenuElements()[pri:3, instance:com.mmt.PageObjects.HomePage_Test@212bf671]" started-at="2023-11-26T01:19:42 IST" name="validateMenuElements" finished-at="2023-11-26T01:19:42 IST" duration-ms="149" status="PASS">
          <reporter-output>
          </reporter-output>
        </test-method> <!-- validateMenuElements -->
        <test-method is-config="true" signature="tearDown()[pri:0, instance:com.mmt.PageObjects.HomePage_Test@212bf671]" started-at="2023-11-26T01:19:42 IST" name="tearDown" finished-at="2023-11-26T01:19:51 IST" duration-ms="8922" status="PASS">
          <reporter-output>
          </reporter-output>
        </test-method> <!-- tearDown -->
      </class> <!-- com.mmt.PageObjects.HomePage_Test -->
    </test> <!-- MakeMyTripTesting -->
  </suite> <!-- Default Suite -->
</testng-results>
