<?xml version="1.0" encoding="UTF-8"?>
<!-- Generated by org.testng.reporters.JUnitXMLReporter -->
<testsuite ignored="0" hostname="DESKTOP-F08K56K" failures="0" tests="3" name="MakeMyTripTesting" time="201.935" errors="0" timestamp="2023-11-26T01:19:51 IST">
  <testcase classname="com.mmt.PageObjects.HomePage_Test" name="validateWebsiteTitle" time="0.09"/>
  <testcase classname="com.mmt.PageObjects.HomePage_Test" name="validateHeaderElements" time="0.745"/>
  <testcase classname="com.mmt.PageObjects.HomePage_Test" name="validateMenuElements" time="0.149"/>
</testsuite> <!-- MakeMyTripTesting -->
